build/intermediates/manifest_merge_blame_file/release/manifest-merger-blame-release-report.txt
1<?xml version="1.0" encoding="utf-8"?>
2<manifest xmlns:android="http://schemas.android.com/apk/res/android"
3    package="com.example.obsidianwidget"
4    android:versionCode="1"
5    android:versionName="1.0" >
6
7    <uses-sdk
8        android:minSdkVersion="26"
9        android:targetSdkVersion="34" />
10
11    <uses-permission android:name="android.permission.READ_EXTERNAL_STORAGE" />
11-->src\main\AndroidManifest.xml:5:5-80
11-->src\main\AndroidManifest.xml:5:22-77
12    <uses-permission android:name="android.permission.WRITE_EXTERNAL_STORAGE" />
12-->src\main\AndroidManifest.xml:6:5-81
12-->src\main\AndroidManifest.xml:6:22-78
13    <uses-permission android:name="android.permission.MANAGE_EXTERNAL_STORAGE" />
13-->src\main\AndroidManifest.xml:7:5-82
13-->src\main\AndroidManifest.xml:7:22-79
14    <uses-permission android:name="android.permission.READ_MEDIA_IMAGES" />
14-->src\main\AndroidManifest.xml:8:5-76
14-->src\main\AndroidManifest.xml:8:22-73
15    <uses-permission android:name="android.permission.READ_MEDIA_VIDEO" />
15-->src\main\AndroidManifest.xml:9:5-75
15-->src\main\AndroidManifest.xml:9:22-72
16    <uses-permission android:name="android.permission.READ_MEDIA_AUDIO" />
16-->src\main\AndroidManifest.xml:10:5-75
16-->src\main\AndroidManifest.xml:10:22-72
17    <uses-permission android:name="android.permission.WAKE_LOCK" />
17-->[androidx.work:work-runtime:2.9.0] AndroidManifest.xml:23:5-68
17-->[androidx.work:work-runtime:2.9.0] AndroidManifest.xml:23:22-65
18    <uses-permission android:name="android.permission.ACCESS_NETWORK_STATE" />
18-->[androidx.work:work-runtime:2.9.0] AndroidManifest.xml:24:5-79
18-->[androidx.work:work-runtime:2.9.0] AndroidManifest.xml:24:22-76
19    <uses-permission android:name="android.permission.RECEIVE_BOOT_COMPLETED" />
19-->[androidx.work:work-runtime:2.9.0] AndroidManifest.xml:25:5-81
19-->[androidx.work:work-runtime:2.9.0] AndroidManifest.xml:25:22-78
20    <uses-permission android:name="android.permission.FOREGROUND_SERVICE" />
20-->[androidx.work:work-runtime:2.9.0] AndroidManifest.xml:26:5-77
20-->[androidx.work:work-runtime:2.9.0] AndroidManifest.xml:26:22-74
21
22    <permission
22-->[androidx.core:core:1.12.0] AndroidManifest.xml:22:5-24:47
23        android:name="com.example.obsidianwidget.DYNAMIC_RECEIVER_NOT_EXPORTED_PERMISSION"
23-->[androidx.core:core:1.12.0] AndroidManifest.xml:23:9-81
24        android:protectionLevel="signature" />
24-->[androidx.core:core:1.12.0] AndroidManifest.xml:24:9-44
25
26    <uses-permission android:name="com.example.obsidianwidget.DYNAMIC_RECEIVER_NOT_EXPORTED_PERMISSION" />
26-->[androidx.core:core:1.12.0] AndroidManifest.xml:26:5-97
26-->[androidx.core:core:1.12.0] AndroidManifest.xml:26:22-94
27
28    <application
28-->src\main\AndroidManifest.xml:12:5-48:19
29        android:allowBackup="true"
29-->src\main\AndroidManifest.xml:13:9-35
30        android:appComponentFactory="androidx.core.app.CoreComponentFactory"
30-->[androidx.core:core:1.12.0] AndroidManifest.xml:28:18-86
31        android:dataExtractionRules="@xml/data_extraction_rules"
31-->src\main\AndroidManifest.xml:14:9-65
32        android:extractNativeLibs="false"
33        android:fullBackupContent="@xml/backup_rules"
33-->src\main\AndroidManifest.xml:15:9-54
34        android:label="@string/app_name"
34-->src\main\AndroidManifest.xml:16:9-41
35        android:supportsRtl="true"
35-->src\main\AndroidManifest.xml:17:9-35
36        android:theme="@style/Theme.ObsidianWidget" >
36-->src\main\AndroidManifest.xml:18:9-52
37        <activity
37-->src\main\AndroidManifest.xml:21:9-29:20
38            android:name="com.example.obsidianwidget.MainActivity"
38-->src\main\AndroidManifest.xml:22:13-41
39            android:exported="true"
39-->src\main\AndroidManifest.xml:23:13-36
40            android:theme="@style/Theme.ObsidianWidget" >
40-->src\main\AndroidManifest.xml:24:13-56
41            <intent-filter>
41-->src\main\AndroidManifest.xml:25:13-28:29
42                <action android:name="android.intent.action.MAIN" />
42-->src\main\AndroidManifest.xml:26:17-69
42-->src\main\AndroidManifest.xml:26:25-66
43
44                <category android:name="android.intent.category.LAUNCHER" />
44-->src\main\AndroidManifest.xml:27:17-77
44-->src\main\AndroidManifest.xml:27:27-74
45            </intent-filter>
46        </activity>
47        <activity
47-->src\main\AndroidManifest.xml:31:9-35:40
48            android:name="com.example.obsidianwidget.ui.SettingsActivity"
48-->src\main\AndroidManifest.xml:32:13-48
49            android:exported="false"
49-->src\main\AndroidManifest.xml:33:13-37
50            android:label="ウィジェット設定"
50-->src\main\AndroidManifest.xml:35:13-37
51            android:theme="@style/Theme.ObsidianWidget" />
51-->src\main\AndroidManifest.xml:34:13-56
52
53        <receiver
53-->src\main\AndroidManifest.xml:37:9-46:20
54            android:name="com.example.obsidianwidget.widget.ObsidianWidgetReceiver"
54-->src\main\AndroidManifest.xml:38:13-58
55            android:exported="true" >
55-->src\main\AndroidManifest.xml:39:13-36
56            <intent-filter>
56-->src\main\AndroidManifest.xml:40:13-42:29
57                <action android:name="android.appwidget.action.APPWIDGET_UPDATE" />
57-->src\main\AndroidManifest.xml:41:17-84
57-->src\main\AndroidManifest.xml:41:25-81
58            </intent-filter>
59
60            <meta-data
60-->src\main\AndroidManifest.xml:43:13-45:64
61                android:name="android.appwidget.provider"
61-->src\main\AndroidManifest.xml:44:17-58
62                android:resource="@xml/obsidian_widget_info" />
62-->src\main\AndroidManifest.xml:45:17-61
63        </receiver>
64
65        <activity
65-->[androidx.glance:glance-appwidget:1.0.0] AndroidManifest.xml:23:9-27:40
66            android:name="androidx.glance.appwidget.action.ActionTrampolineActivity"
66-->[androidx.glance:glance-appwidget:1.0.0] AndroidManifest.xml:24:13-85
67            android:enabled="true"
67-->[androidx.glance:glance-appwidget:1.0.0] AndroidManifest.xml:25:13-35
68            android:excludeFromRecents="true"
68-->[androidx.glance:glance-appwidget:1.0.0] AndroidManifest.xml:26:13-46
69            android:exported="false" />
69-->[androidx.glance:glance-appwidget:1.0.0] AndroidManifest.xml:27:13-37
70        <activity
70-->[androidx.glance:glance-appwidget:1.0.0] AndroidManifest.xml:28:9-35:81
71            android:name="androidx.glance.appwidget.action.InvisibleActionTrampolineActivity"
71-->[androidx.glance:glance-appwidget:1.0.0] AndroidManifest.xml:29:13-94
72            android:enabled="true"
72-->[androidx.glance:glance-appwidget:1.0.0] AndroidManifest.xml:30:13-35
73            android:exported="false"
73-->[androidx.glance:glance-appwidget:1.0.0] AndroidManifest.xml:31:13-37
74            android:launchMode="singleInstance"
74-->[androidx.glance:glance-appwidget:1.0.0] AndroidManifest.xml:32:13-48
75            android:noHistory="true"
75-->[androidx.glance:glance-appwidget:1.0.0] AndroidManifest.xml:33:13-37
76            android:taskAffinity="androidx.glance.appwidget.ListAdapterCallbackTrampoline"
76-->[androidx.glance:glance-appwidget:1.0.0] AndroidManifest.xml:34:13-91
77            android:theme="@style/Widget.Glance.AppWidget.CallbackTrampoline" />
77-->[androidx.glance:glance-appwidget:1.0.0] AndroidManifest.xml:35:13-78
78
79        <receiver
79-->[androidx.glance:glance-appwidget:1.0.0] AndroidManifest.xml:37:9-40:40
80            android:name="androidx.glance.appwidget.action.ActionCallbackBroadcastReceiver"
80-->[androidx.glance:glance-appwidget:1.0.0] AndroidManifest.xml:38:13-92
81            android:enabled="true"
81-->[androidx.glance:glance-appwidget:1.0.0] AndroidManifest.xml:39:13-35
82            android:exported="false" />
82-->[androidx.glance:glance-appwidget:1.0.0] AndroidManifest.xml:40:13-37
83        <receiver
83-->[androidx.glance:glance-appwidget:1.0.0] AndroidManifest.xml:41:9-48:20
84            android:name="androidx.glance.appwidget.MyPackageReplacedReceiver"
84-->[androidx.glance:glance-appwidget:1.0.0] AndroidManifest.xml:42:13-79
85            android:enabled="true"
85-->[androidx.glance:glance-appwidget:1.0.0] AndroidManifest.xml:43:13-35
86            android:exported="false" >
86-->[androidx.glance:glance-appwidget:1.0.0] AndroidManifest.xml:44:13-37
87            <intent-filter>
87-->[androidx.glance:glance-appwidget:1.0.0] AndroidManifest.xml:45:13-47:29
88                <action android:name="android.intent.action.MY_PACKAGE_REPLACED" />
88-->[androidx.glance:glance-appwidget:1.0.0] AndroidManifest.xml:46:17-84
88-->[androidx.glance:glance-appwidget:1.0.0] AndroidManifest.xml:46:25-81
89            </intent-filter>
90        </receiver>
91
92        <service
92-->[androidx.glance:glance-appwidget:1.0.0] AndroidManifest.xml:50:9-53:72
93            android:name="androidx.glance.appwidget.GlanceRemoteViewsService"
93-->[androidx.glance:glance-appwidget:1.0.0] AndroidManifest.xml:51:13-78
94            android:exported="true"
94-->[androidx.glance:glance-appwidget:1.0.0] AndroidManifest.xml:52:13-36
95            android:permission="android.permission.BIND_REMOTEVIEWS" />
95-->[androidx.glance:glance-appwidget:1.0.0] AndroidManifest.xml:53:13-69
96
97        <provider
97-->[androidx.work:work-runtime:2.9.0] AndroidManifest.xml:29:9-37:20
98            android:name="androidx.startup.InitializationProvider"
98-->[androidx.work:work-runtime:2.9.0] AndroidManifest.xml:30:13-67
99            android:authorities="com.example.obsidianwidget.androidx-startup"
99-->[androidx.work:work-runtime:2.9.0] AndroidManifest.xml:31:13-68
100            android:exported="false" >
100-->[androidx.work:work-runtime:2.9.0] AndroidManifest.xml:32:13-37
101            <meta-data
101-->[androidx.work:work-runtime:2.9.0] AndroidManifest.xml:34:13-36:52
102                android:name="androidx.work.WorkManagerInitializer"
102-->[androidx.work:work-runtime:2.9.0] AndroidManifest.xml:35:17-68
103                android:value="androidx.startup" />
103-->[androidx.work:work-runtime:2.9.0] AndroidManifest.xml:36:17-49
104            <meta-data
104-->[androidx.emoji2:emoji2:1.3.0] AndroidManifest.xml:29:13-31:52
105                android:name="androidx.emoji2.text.EmojiCompatInitializer"
105-->[androidx.emoji2:emoji2:1.3.0] AndroidManifest.xml:30:17-75
106                android:value="androidx.startup" />
106-->[androidx.emoji2:emoji2:1.3.0] AndroidManifest.xml:31:17-49
107            <meta-data
107-->[androidx.lifecycle:lifecycle-process:2.7.0] AndroidManifest.xml:29:13-31:52
108                android:name="androidx.lifecycle.ProcessLifecycleInitializer"
108-->[androidx.lifecycle:lifecycle-process:2.7.0] AndroidManifest.xml:30:17-78
109                android:value="androidx.startup" />
109-->[androidx.lifecycle:lifecycle-process:2.7.0] AndroidManifest.xml:31:17-49
110            <meta-data
110-->[androidx.profileinstaller:profileinstaller:1.3.0] AndroidManifest.xml:29:13-31:52
111                android:name="androidx.profileinstaller.ProfileInstallerInitializer"
111-->[androidx.profileinstaller:profileinstaller:1.3.0] AndroidManifest.xml:30:17-85
112                android:value="androidx.startup" />
112-->[androidx.profileinstaller:profileinstaller:1.3.0] AndroidManifest.xml:31:17-49
113        </provider>
114
115        <service
115-->[androidx.work:work-runtime:2.9.0] AndroidManifest.xml:39:9-45:35
116            android:name="androidx.work.impl.background.systemalarm.SystemAlarmService"
116-->[androidx.work:work-runtime:2.9.0] AndroidManifest.xml:40:13-88
117            android:directBootAware="false"
117-->[androidx.work:work-runtime:2.9.0] AndroidManifest.xml:41:13-44
118            android:enabled="@bool/enable_system_alarm_service_default"
118-->[androidx.work:work-runtime:2.9.0] AndroidManifest.xml:42:13-72
119            android:exported="false" />
119-->[androidx.work:work-runtime:2.9.0] AndroidManifest.xml:43:13-37
120        <service
120-->[androidx.work:work-runtime:2.9.0] AndroidManifest.xml:46:9-52:35
121            android:name="androidx.work.impl.background.systemjob.SystemJobService"
121-->[androidx.work:work-runtime:2.9.0] AndroidManifest.xml:47:13-84
122            android:directBootAware="false"
122-->[androidx.work:work-runtime:2.9.0] AndroidManifest.xml:48:13-44
123            android:enabled="@bool/enable_system_job_service_default"
123-->[androidx.work:work-runtime:2.9.0] AndroidManifest.xml:49:13-70
124            android:exported="true"
124-->[androidx.work:work-runtime:2.9.0] AndroidManifest.xml:50:13-36
125            android:permission="android.permission.BIND_JOB_SERVICE" />
125-->[androidx.work:work-runtime:2.9.0] AndroidManifest.xml:51:13-69
126        <service
126-->[androidx.work:work-runtime:2.9.0] AndroidManifest.xml:53:9-59:35
127            android:name="androidx.work.impl.foreground.SystemForegroundService"
127-->[androidx.work:work-runtime:2.9.0] AndroidManifest.xml:54:13-81
128            android:directBootAware="false"
128-->[androidx.work:work-runtime:2.9.0] AndroidManifest.xml:55:13-44
129            android:enabled="@bool/enable_system_foreground_service_default"
129-->[androidx.work:work-runtime:2.9.0] AndroidManifest.xml:56:13-77
130            android:exported="false" />
130-->[androidx.work:work-runtime:2.9.0] AndroidManifest.xml:57:13-37
131
132        <receiver
132-->[androidx.work:work-runtime:2.9.0] AndroidManifest.xml:61:9-66:35
133            android:name="androidx.work.impl.utils.ForceStopRunnable$BroadcastReceiver"
133-->[androidx.work:work-runtime:2.9.0] AndroidManifest.xml:62:13-88
134            android:directBootAware="false"
134-->[androidx.work:work-runtime:2.9.0] AndroidManifest.xml:63:13-44
135            android:enabled="true"
135-->[androidx.work:work-runtime:2.9.0] AndroidManifest.xml:64:13-35
136            android:exported="false" />
136-->[androidx.work:work-runtime:2.9.0] AndroidManifest.xml:65:13-37
137        <receiver
137-->[androidx.work:work-runtime:2.9.0] AndroidManifest.xml:67:9-77:20
138            android:name="androidx.work.impl.background.systemalarm.ConstraintProxy$BatteryChargingProxy"
138-->[androidx.work:work-runtime:2.9.0] AndroidManifest.xml:68:13-106
139            android:directBootAware="false"
139-->[androidx.work:work-runtime:2.9.0] AndroidManifest.xml:69:13-44
140            android:enabled="false"
140-->[androidx.work:work-runtime:2.9.0] AndroidManifest.xml:70:13-36
141            android:exported="false" >
141-->[androidx.work:work-runtime:2.9.0] AndroidManifest.xml:71:13-37
142            <intent-filter>
142-->[androidx.work:work-runtime:2.9.0] AndroidManifest.xml:73:13-76:29
143                <action android:name="android.intent.action.ACTION_POWER_CONNECTED" />
143-->[androidx.work:work-runtime:2.9.0] AndroidManifest.xml:74:17-87
143-->[androidx.work:work-runtime:2.9.0] AndroidManifest.xml:74:25-84
144                <action android:name="android.intent.action.ACTION_POWER_DISCONNECTED" />
144-->[androidx.work:work-runtime:2.9.0] AndroidManifest.xml:75:17-90
144-->[androidx.work:work-runtime:2.9.0] AndroidManifest.xml:75:25-87
145            </intent-filter>
146        </receiver>
147        <receiver
147-->[androidx.work:work-runtime:2.9.0] AndroidManifest.xml:78:9-88:20
148            android:name="androidx.work.impl.background.systemalarm.ConstraintProxy$BatteryNotLowProxy"
148-->[androidx.work:work-runtime:2.9.0] AndroidManifest.xml:79:13-104
149            android:directBootAware="false"
149-->[androidx.work:work-runtime:2.9.0] AndroidManifest.xml:80:13-44
150            android:enabled="false"
150-->[androidx.work:work-runtime:2.9.0] AndroidManifest.xml:81:13-36
151            android:exported="false" >
151-->[androidx.work:work-runtime:2.9.0] AndroidManifest.xml:82:13-37
152            <intent-filter>
152-->[androidx.work:work-runtime:2.9.0] AndroidManifest.xml:84:13-87:29
153                <action android:name="android.intent.action.BATTERY_OKAY" />
153-->[androidx.work:work-runtime:2.9.0] AndroidManifest.xml:85:17-77
153-->[androidx.work:work-runtime:2.9.0] AndroidManifest.xml:85:25-74
154                <action android:name="android.intent.action.BATTERY_LOW" />
154-->[androidx.work:work-runtime:2.9.0] AndroidManifest.xml:86:17-76
154-->[androidx.work:work-runtime:2.9.0] AndroidManifest.xml:86:25-73
155            </intent-filter>
156        </receiver>
157        <receiver
157-->[androidx.work:work-runtime:2.9.0] AndroidManifest.xml:89:9-99:20
158            android:name="androidx.work.impl.background.systemalarm.ConstraintProxy$StorageNotLowProxy"
158-->[androidx.work:work-runtime:2.9.0] AndroidManifest.xml:90:13-104
159            android:directBootAware="false"
159-->[androidx.work:work-runtime:2.9.0] AndroidManifest.xml:91:13-44
160            android:enabled="false"
160-->[androidx.work:work-runtime:2.9.0] AndroidManifest.xml:92:13-36
161            android:exported="false" >
161-->[androidx.work:work-runtime:2.9.0] AndroidManifest.xml:93:13-37
162            <intent-filter>
162-->[androidx.work:work-runtime:2.9.0] AndroidManifest.xml:95:13-98:29
163                <action android:name="android.intent.action.DEVICE_STORAGE_LOW" />
163-->[androidx.work:work-runtime:2.9.0] AndroidManifest.xml:96:17-83
163-->[androidx.work:work-runtime:2.9.0] AndroidManifest.xml:96:25-80
164                <action android:name="android.intent.action.DEVICE_STORAGE_OK" />
164-->[androidx.work:work-runtime:2.9.0] AndroidManifest.xml:97:17-82
164-->[androidx.work:work-runtime:2.9.0] AndroidManifest.xml:97:25-79
165            </intent-filter>
166        </receiver>
167        <receiver
167-->[androidx.work:work-runtime:2.9.0] AndroidManifest.xml:100:9-109:20
168            android:name="androidx.work.impl.background.systemalarm.ConstraintProxy$NetworkStateProxy"
168-->[androidx.work:work-runtime:2.9.0] AndroidManifest.xml:101:13-103
169            android:directBootAware="false"
169-->[androidx.work:work-runtime:2.9.0] AndroidManifest.xml:102:13-44
170            android:enabled="false"
170-->[androidx.work:work-runtime:2.9.0] AndroidManifest.xml:103:13-36
171            android:exported="false" >
171-->[androidx.work:work-runtime:2.9.0] AndroidManifest.xml:104:13-37
172            <intent-filter>
172-->[androidx.work:work-runtime:2.9.0] AndroidManifest.xml:106:13-108:29
173                <action android:name="android.net.conn.CONNECTIVITY_CHANGE" />
173-->[androidx.work:work-runtime:2.9.0] AndroidManifest.xml:107:17-79
173-->[androidx.work:work-runtime:2.9.0] AndroidManifest.xml:107:25-76
174            </intent-filter>
175        </receiver>
176        <receiver
176-->[androidx.work:work-runtime:2.9.0] AndroidManifest.xml:110:9-121:20
177            android:name="androidx.work.impl.background.systemalarm.RescheduleReceiver"
177-->[androidx.work:work-runtime:2.9.0] AndroidManifest.xml:111:13-88
178            android:directBootAware="false"
178-->[androidx.work:work-runtime:2.9.0] AndroidManifest.xml:112:13-44
179            android:enabled="false"
179-->[androidx.work:work-runtime:2.9.0] AndroidManifest.xml:113:13-36
180            android:exported="false" >
180-->[androidx.work:work-runtime:2.9.0] AndroidManifest.xml:114:13-37
181            <intent-filter>
181-->[androidx.work:work-runtime:2.9.0] AndroidManifest.xml:116:13-120:29
182                <action android:name="android.intent.action.BOOT_COMPLETED" />
182-->[androidx.work:work-runtime:2.9.0] AndroidManifest.xml:117:17-79
182-->[androidx.work:work-runtime:2.9.0] AndroidManifest.xml:117:25-76
183                <action android:name="android.intent.action.TIME_SET" />
183-->[androidx.work:work-runtime:2.9.0] AndroidManifest.xml:118:17-73
183-->[androidx.work:work-runtime:2.9.0] AndroidManifest.xml:118:25-70
184                <action android:name="android.intent.action.TIMEZONE_CHANGED" />
184-->[androidx.work:work-runtime:2.9.0] AndroidManifest.xml:119:17-81
184-->[androidx.work:work-runtime:2.9.0] AndroidManifest.xml:119:25-78
185            </intent-filter>
186        </receiver>
187        <receiver
187-->[androidx.work:work-runtime:2.9.0] AndroidManifest.xml:122:9-131:20
188            android:name="androidx.work.impl.background.systemalarm.ConstraintProxyUpdateReceiver"
188-->[androidx.work:work-runtime:2.9.0] AndroidManifest.xml:123:13-99
189            android:directBootAware="false"
189-->[androidx.work:work-runtime:2.9.0] AndroidManifest.xml:124:13-44
190            android:enabled="@bool/enable_system_alarm_service_default"
190-->[androidx.work:work-runtime:2.9.0] AndroidManifest.xml:125:13-72
191            android:exported="false" >
191-->[androidx.work:work-runtime:2.9.0] AndroidManifest.xml:126:13-37
192            <intent-filter>
192-->[androidx.work:work-runtime:2.9.0] AndroidManifest.xml:128:13-130:29
193                <action android:name="androidx.work.impl.background.systemalarm.UpdateProxies" />
193-->[androidx.work:work-runtime:2.9.0] AndroidManifest.xml:129:17-98
193-->[androidx.work:work-runtime:2.9.0] AndroidManifest.xml:129:25-95
194            </intent-filter>
195        </receiver>
196        <receiver
196-->[androidx.work:work-runtime:2.9.0] AndroidManifest.xml:132:9-142:20
197            android:name="androidx.work.impl.diagnostics.DiagnosticsReceiver"
197-->[androidx.work:work-runtime:2.9.0] AndroidManifest.xml:133:13-78
198            android:directBootAware="false"
198-->[androidx.work:work-runtime:2.9.0] AndroidManifest.xml:134:13-44
199            android:enabled="true"
199-->[androidx.work:work-runtime:2.9.0] AndroidManifest.xml:135:13-35
200            android:exported="true"
200-->[androidx.work:work-runtime:2.9.0] AndroidManifest.xml:136:13-36
201            android:permission="android.permission.DUMP" >
201-->[androidx.work:work-runtime:2.9.0] AndroidManifest.xml:137:13-57
202            <intent-filter>
202-->[androidx.work:work-runtime:2.9.0] AndroidManifest.xml:139:13-141:29
203                <action android:name="androidx.work.diagnostics.REQUEST_DIAGNOSTICS" />
203-->[androidx.work:work-runtime:2.9.0] AndroidManifest.xml:140:17-88
203-->[androidx.work:work-runtime:2.9.0] AndroidManifest.xml:140:25-85
204            </intent-filter>
205        </receiver>
206
207        <service
207-->[androidx.core:core-remoteviews:1.0.0] AndroidManifest.xml:24:9-27:63
208            android:name="androidx.core.widget.RemoteViewsCompatService"
208-->[androidx.core:core-remoteviews:1.0.0] AndroidManifest.xml:25:13-73
209            android:permission="android.permission.BIND_REMOTEVIEWS" />
209-->[androidx.core:core-remoteviews:1.0.0] AndroidManifest.xml:26:13-69
210        <service
210-->[androidx.room:room-runtime:2.5.0] AndroidManifest.xml:24:9-28:63
211            android:name="androidx.room.MultiInstanceInvalidationService"
211-->[androidx.room:room-runtime:2.5.0] AndroidManifest.xml:25:13-74
212            android:directBootAware="true"
212-->[androidx.room:room-runtime:2.5.0] AndroidManifest.xml:26:13-43
213            android:exported="false" />
213-->[androidx.room:room-runtime:2.5.0] AndroidManifest.xml:27:13-37
214
215        <receiver
215-->[androidx.profileinstaller:profileinstaller:1.3.0] AndroidManifest.xml:34:9-52:20
216            android:name="androidx.profileinstaller.ProfileInstallReceiver"
216-->[androidx.profileinstaller:profileinstaller:1.3.0] AndroidManifest.xml:35:13-76
217            android:directBootAware="false"
217-->[androidx.profileinstaller:profileinstaller:1.3.0] AndroidManifest.xml:36:13-44
218            android:enabled="true"
218-->[androidx.profileinstaller:profileinstaller:1.3.0] AndroidManifest.xml:37:13-35
219            android:exported="true"
219-->[androidx.profileinstaller:profileinstaller:1.3.0] AndroidManifest.xml:38:13-36
220            android:permission="android.permission.DUMP" >
220-->[androidx.profileinstaller:profileinstaller:1.3.0] AndroidManifest.xml:39:13-57
221            <intent-filter>
221-->[androidx.profileinstaller:profileinstaller:1.3.0] AndroidManifest.xml:40:13-42:29
222                <action android:name="androidx.profileinstaller.action.INSTALL_PROFILE" />
222-->[androidx.profileinstaller:profileinstaller:1.3.0] AndroidManifest.xml:41:17-91
222-->[androidx.profileinstaller:profileinstaller:1.3.0] AndroidManifest.xml:41:25-88
223            </intent-filter>
224            <intent-filter>
224-->[androidx.profileinstaller:profileinstaller:1.3.0] AndroidManifest.xml:43:13-45:29
225                <action android:name="androidx.profileinstaller.action.SKIP_FILE" />
225-->[androidx.profileinstaller:profileinstaller:1.3.0] AndroidManifest.xml:44:17-85
225-->[androidx.profileinstaller:profileinstaller:1.3.0] AndroidManifest.xml:44:25-82
226            </intent-filter>
227            <intent-filter>
227-->[androidx.profileinstaller:profileinstaller:1.3.0] AndroidManifest.xml:46:13-48:29
228                <action android:name="androidx.profileinstaller.action.SAVE_PROFILE" />
228-->[androidx.profileinstaller:profileinstaller:1.3.0] AndroidManifest.xml:47:17-88
228-->[androidx.profileinstaller:profileinstaller:1.3.0] AndroidManifest.xml:47:25-85
229            </intent-filter>
230            <intent-filter>
230-->[androidx.profileinstaller:profileinstaller:1.3.0] AndroidManifest.xml:49:13-51:29
231                <action android:name="androidx.profileinstaller.action.BENCHMARK_OPERATION" />
231-->[androidx.profileinstaller:profileinstaller:1.3.0] AndroidManifest.xml:50:17-95
231-->[androidx.profileinstaller:profileinstaller:1.3.0] AndroidManifest.xml:50:25-92
232            </intent-filter>
233        </receiver>
234    </application>
235
236</manifest>